<?xml version="1.0" encoding="UTF-8"?>
<testsuite name="TriangleTest" tests="7" skipped="0" failures="0" errors="0" timestamp="2016-04-25T17:34:58" hostname="epicodus-48.local" time="0.001">
  <properties/>
  <testcase name="newTriangle_instantiatesCorrectly" classname="TriangleTest" time="0.001"/>
  <testcase name="isIsosceles_whenExectlyTwoSidesAreEqual_true" classname="TriangleTest" time="0.0"/>
  <testcase name="getLength_getsTriangleSide1_2" classname="TriangleTest" time="0.0"/>
  <testcase name="getLength_getsTriangleSide2_4" classname="TriangleTest" time="0.0"/>
  <testcase name="getLength_getsTriangleSide3_3" classname="TriangleTest" time="0.0"/>
  <testcase name="isTriangle_whenNotATriangle_false" classname="TriangleTest" time="0.0"/>
  <testcase name="isEquilateral_whenAllSidesAreEqual_true" classname="TriangleTest" time="0.0"/>
  <system-out><![CDATA[]]></system-out>
  <system-err><![CDATA[]]></system-err>
</testsuite>
